D:\Projects\ZeuxAssignment\ZeuxAssignment\ZeuxClient\app\app.component.js
D:\Projects\ZeuxAssignment\ZeuxAssignment\ZeuxClient\app\app.component.js.map
D:\Projects\ZeuxAssignment\ZeuxAssignment\ZeuxClient\app\products.service.js
D:\Projects\ZeuxAssignment\ZeuxAssignment\ZeuxClient\app\products.service.js.map
D:\Projects\ZeuxAssignment\ZeuxAssignment\ZeuxClient\app\product.js
D:\Projects\ZeuxAssignment\ZeuxAssignment\ZeuxClient\app\product.js.map
D:\Projects\ZeuxAssignment\ZeuxAssignment\ZeuxClient\app\assets.component.js
D:\Projects\ZeuxAssignment\ZeuxAssignment\ZeuxClient\app\assets.component.js.map
D:\Projects\ZeuxAssignment\ZeuxAssignment\ZeuxClient\app\opportunities.component.js
D:\Projects\ZeuxAssignment\ZeuxAssignment\ZeuxClient\app\opportunities.component.js.map
D:\Projects\ZeuxAssignment\ZeuxAssignment\ZeuxClient\app\assets.module.js
D:\Projects\ZeuxAssignment\ZeuxAssignment\ZeuxClient\app\assets.module.js.map
D:\Projects\ZeuxAssignment\ZeuxAssignment\ZeuxClient\app\opportunities.module.js
D:\Projects\ZeuxAssignment\ZeuxAssignment\ZeuxClient\app\opportunities.module.js.map
D:\Projects\ZeuxAssignment\ZeuxAssignment\ZeuxClient\app\app.module.js
D:\Projects\ZeuxAssignment\ZeuxAssignment\ZeuxClient\app\app.module.js.map
D:\Projects\ZeuxAssignment\ZeuxAssignment\ZeuxClient\main.js
D:\Projects\ZeuxAssignment\ZeuxAssignment\ZeuxClient\main.js.map
D:\Projects\ZeuxAssignment\ZeuxAssignment\ZeuxClient\polyfills.js
D:\Projects\ZeuxAssignment\ZeuxAssignment\ZeuxClient\polyfills.js.map
